# Push Log for letters-to-the-erasers
# Generated by gitfield-sync

[2025-06-16T10:12:58Z] Local: , Branch=master, Commit=50635d0
  Diff Summary:
     .gitfield/local.sigil.md | 59 ++++++++++++++++++++++++++++++++++++++++++++++++
     1 file changed, 59 insertions(+)
[2025-06-16T10:13:43Z] Radicle: RID=rad:z3FEj7rF8gZw9eFksCuiN43qjzrex, Peer ID=z6Mkw5s3ppo26C7y7tGK5MD8n2GqTHS582PPpeX5Xqbu2Mpz, Branch=master, Commit=50635d0
  CLI: rad inspect rad:z3FEj7rF8gZw9eFksCuiN43qjzrex # View project details
  CLI: git ls-tree -r --name-only HEAD # View file structure
  Diff Summary:
     .gitfield/radicle.sigil.md | 67 ++++++++++++++++++++++++++++++++++++++++++++++
     1 file changed, 67 insertions(+)
[2025-06-16T10:14:19Z] Forgejo: https://remember.thefoldwithin.earth/mrhavens/letters-to-the-erasers, Branch=master, Commit=50635d0
  Diff Summary:
     .gitfield/remember.sigil.md | 59 +++++++++++++++++++++++++++++++++++++++++++++
     1 file changed, 59 insertions(+)
[2025-06-16T10:14:31Z] Codeberg: https://codeberg.org/mrhavens/letters-to-the-erasers, Branch=master, Commit=50635d0
  Diff Summary:
     .gitfield/pushed.log | 4 ++++
     1 file changed, 4 insertions(+)
[2025-06-16T10:15:46Z] GitLab: https://gitlab.com/mrhavens/letters-to-the-erasers, Branch=master, Commit=50635d0
  Diff Summary:
     .gitfield/gitlab.sigil.md | 59 +++++++++++++++++++++++++++++++++++++++++++++++
     1 file changed, 59 insertions(+)
[2025-06-16T10:16:43Z] Bitbucket: https://bitbucket.org/thefoldwithin/letters-to-the-erasers, Branch=master, Commit=50635d0
  Diff Summary:
     .gitfield/bitbucket.sigil.md | 59 ++++++++++++++++++++++++++++++++++++++++++++
     1 file changed, 59 insertions(+)
[2025-06-16T10:17:46Z] GitHub: https://github.com/mrhavens/letters-to-the-erasers, Branch=master, Commit=50635d0
  Diff Summary:
     .gitfield/github.sigil.md | 59 +++++++++++++++++++++++++++++++++++++++++++++++
     1 file changed, 59 insertions(+)
[2025-06-16T10:20:20Z] Local: , Branch=master, Commit=50635d0
  Diff Summary:
     .gitfield/local.sigil.md | 18 +++++++++---------
     1 file changed, 9 insertions(+), 9 deletions(-)
[2025-06-16T10:20:50Z] Radicle: RID=rad:z3FEj7rF8gZw9eFksCuiN43qjzrex, Peer ID=z6Mkw5s3ppo26C7y7tGK5MD8n2GqTHS582PPpeX5Xqbu2Mpz, Branch=master, Commit=50635d0
  CLI: rad inspect rad:z3FEj7rF8gZw9eFksCuiN43qjzrex # View project details
  CLI: git ls-tree -r --name-only HEAD # View file structure
  Diff Summary:
     .gitfield/radicle.sigil.md | 20 ++++++++++----------
     1 file changed, 10 insertions(+), 10 deletions(-)
[2025-06-16T10:21:13Z] Forgejo: https://remember.thefoldwithin.earth/mrhavens/letters-to-the-erasers, Branch=master, Commit=50635d0
  Diff Summary:
     .gitfield/remember.sigil.md | 16 ++++++++--------
     1 file changed, 8 insertions(+), 8 deletions(-)
[2025-06-16T10:21:21Z] Codeberg: https://codeberg.org/mrhavens/letters-to-the-erasers, Branch=master, Commit=50635d0
  Diff Summary:
     .gitfield/pushed.log | 4 ++++
     1 file changed, 4 insertions(+)
[2025-06-16T10:21:53Z] GitLab: https://gitlab.com/mrhavens/letters-to-the-erasers, Branch=master, Commit=50635d0
  Diff Summary:
     .gitfield/gitlab.sigil.md | 16 ++++++++--------
     1 file changed, 8 insertions(+), 8 deletions(-)
[2025-06-16T10:22:20Z] Bitbucket: https://bitbucket.org/thefoldwithin/letters-to-the-erasers, Branch=master, Commit=50635d0
  Diff Summary:
     .gitfield/bitbucket.sigil.md | 16 ++++++++--------
     1 file changed, 8 insertions(+), 8 deletions(-)
[2025-06-16T10:22:54Z] GitHub: https://github.com/mrhavens/letters-to-the-erasers, Branch=master, Commit=50635d0
  Diff Summary:
     .gitfield/github.sigil.md | 16 ++++++++--------
     1 file changed, 8 insertions(+), 8 deletions(-)
[2025-06-16T10:25:52Z] Local: , Branch=master, Commit=50635d0
  Diff Summary:
     .gitfield/local.sigil.md | 16 ++++++++--------
     1 file changed, 8 insertions(+), 8 deletions(-)
[2025-06-16T10:26:45Z] Radicle: RID=rad:z3FEj7rF8gZw9eFksCuiN43qjzrex, Peer ID=z6Mkw5s3ppo26C7y7tGK5MD8n2GqTHS582PPpeX5Xqbu2Mpz, Branch=master, Commit=50635d0
  CLI: rad inspect rad:z3FEj7rF8gZw9eFksCuiN43qjzrex # View project details
  CLI: git ls-tree -r --name-only HEAD # View file structure
  Diff Summary:
     .gitfield/radicle.sigil.md | 16 ++++++++--------
     1 file changed, 8 insertions(+), 8 deletions(-)
[2025-06-16T10:27:16Z] Forgejo: https://remember.thefoldwithin.earth/mrhavens/letters-to-the-erasers, Branch=master, Commit=50635d0
  Diff Summary:
     .gitfield/remember.sigil.md | 14 +++++++-------
     1 file changed, 7 insertions(+), 7 deletions(-)
[2025-06-16T10:27:23Z] Codeberg: https://codeberg.org/mrhavens/letters-to-the-erasers, Branch=master, Commit=50635d0
  Diff Summary:
     .gitfield/pushed.log | 4 ++++
     1 file changed, 4 insertions(+)
[2025-06-16T10:27:58Z] GitLab: https://gitlab.com/mrhavens/letters-to-the-erasers, Branch=master, Commit=50635d0
  Diff Summary:
     .gitfield/gitlab.sigil.md | 14 +++++++-------
     1 file changed, 7 insertions(+), 7 deletions(-)
